[2018-05-30 14:20:35.366] [exthost17] [info] extension host started
[2018-05-30 14:20:35.412] [exthost17] [info] ExtensionService#_doActivateExtension vscode.emmet {"startup":true,"activationEvent":"*"}
[2018-05-30 14:20:35.413] [exthost17] [info] ExtensionService#loadCommonJSModule /usr/share/code/resources/app/extensions/emmet/out/extension
[2018-05-30 14:20:35.525] [exthost17] [info] ExtensionService#_doActivateExtension vscode.git {"startup":true,"activationEvent":"*"}
[2018-05-30 14:20:35.525] [exthost17] [info] ExtensionService#loadCommonJSModule /usr/share/code/resources/app/extensions/git/out/main
[2018-05-30 14:20:35.597] [exthost17] [info] ExtensionService#_doActivateExtension vscode.merge-conflict {"startup":true,"activationEvent":"*"}
[2018-05-30 14:20:35.597] [exthost17] [info] ExtensionService#loadCommonJSModule /usr/share/code/resources/app/extensions/merge-conflict/out/extension
[2018-05-30 14:20:35.609] [exthost17] [info] ExtensionService#_doActivateExtension EditorConfig.EditorConfig {"startup":true,"activationEvent":"*"}
[2018-05-30 14:20:35.609] [exthost17] [info] ExtensionService#loadCommonJSModule /home/vagrant/.vscode/extensions/EditorConfig.editorconfig-0.12.3/out/src/editorConfigMain
[2018-05-30 14:20:35.649] [exthost17] [info] ExtensionService#_doActivateExtension Equinusocio.vsc-material-theme {"startup":true,"activationEvent":"*"}
[2018-05-30 14:20:35.649] [exthost17] [info] ExtensionService#loadCommonJSModule /home/vagrant/.vscode/extensions/Equinusocio.vsc-material-theme-2.1.0/extensions/material.theme.config.js
[2018-05-30 14:20:35.659] [exthost17] [info] ExtensionService#_doActivateExtension PKief.material-icon-theme {"startup":true,"activationEvent":"*"}
[2018-05-30 14:20:35.659] [exthost17] [info] ExtensionService#loadCommonJSModule /home/vagrant/.vscode/extensions/PKief.material-icon-theme-3.4.0/out/src/extension
[2018-05-30 14:20:35.698] [exthost17] [info] ExtensionService#_doActivateExtension christian-kohler.path-intellisense {"startup":true,"activationEvent":"*"}
[2018-05-30 14:20:35.698] [exthost17] [info] ExtensionService#loadCommonJSModule /home/vagrant/.vscode/extensions/christian-kohler.path-intellisense-1.4.2/out/src/extension
[2018-05-30 14:20:35.708] [exthost17] [info] ExtensionService#_doActivateExtension dbaeumer.vscode-eslint {"startup":true,"activationEvent":"*"}
[2018-05-30 14:20:35.708] [exthost17] [info] ExtensionService#loadCommonJSModule /home/vagrant/.vscode/extensions/dbaeumer.vscode-eslint-1.4.10/client/out/extension
[2018-05-30 14:20:35.771] [exthost17] [info] ExtensionService#_doActivateExtension eamodio.gitlens {"startup":true,"activationEvent":"*"}
[2018-05-30 14:20:35.771] [exthost17] [info] ExtensionService#loadCommonJSModule /home/vagrant/.vscode/extensions/eamodio.gitlens-8.1.1/out/extension
[2018-05-30 14:20:36.006] [exthost17] [info] ExtensionService#_doActivateExtension esbenp.prettier-vscode {"startup":true,"activationEvent":"*"}
[2018-05-30 14:20:36.006] [exthost17] [info] ExtensionService#loadCommonJSModule /home/vagrant/.vscode/extensions/esbenp.prettier-vscode-1.3.1/out/src/extension
[2018-05-30 14:20:36.190] [exthost17] [info] ExtensionService#_doActivateExtension formulahendry.terminal {"startup":true,"activationEvent":"*"}
[2018-05-30 14:20:36.190] [exthost17] [info] ExtensionService#loadCommonJSModule /home/vagrant/.vscode/extensions/formulahendry.terminal-0.0.10/out/src/extension
[2018-05-30 14:20:36.222] [exthost17] [info] ExtensionService#_doActivateExtension hoovercj.vscode-power-mode {"startup":true,"activationEvent":"*"}
[2018-05-30 14:20:36.222] [exthost17] [info] ExtensionService#loadCommonJSModule /home/vagrant/.vscode/extensions/hoovercj.vscode-power-mode-2.2.0/out/src/extension
[2018-05-30 14:20:36.243] [exthost17] [info] ExtensionService#_doActivateExtension wayou.vscode-todo-highlight {"startup":true,"activationEvent":"*"}
[2018-05-30 14:20:36.243] [exthost17] [info] ExtensionService#loadCommonJSModule /home/vagrant/.vscode/extensions/wayou.vscode-todo-highlight-0.5.12/src/extension
[2018-05-30 14:20:36.248] [exthost17] [info] eager extensions activated
