[2018-05-31 09:07:43.610] [sharedprocess] [info] main {"machineId":"25a8048ce3b0d317a4a4cd2a7119d3637cdbb117f030effa857b3250f05e81e4"}
[2018-05-31 09:07:44.080] [sharedprocess] [info] Scanned user extensions: 42
[2018-05-31 09:07:44.165] [sharedprocess] [info] Scanned system extensions: 65
[2018-05-31 09:07:45.628] [sharedprocess] [info] Scanned user extensions: 42
[2018-05-31 09:07:45.630] [sharedprocess] [info] Scanned user extensions: 42
[2018-05-31 09:07:45.679] [sharedprocess] [info] Scanned system extensions: 65
[2018-05-31 09:07:45.711] [sharedprocess] [info] Scanned user extensions: 42
[2018-05-31 09:07:45.712] [sharedprocess] [info] Scanned user extensions: 42
[2018-05-31 09:07:45.725] [sharedprocess] [info] Scanned system extensions: 65
[2018-05-31 09:07:48.837] [sharedprocess] [info] Scanned user extensions: 42
[2018-05-31 09:07:49.007] [sharedprocess] [info] Scanned user extensions: 42
[2018-05-31 09:07:49.512] [sharedprocess] [info] Installing extension: material-icon-theme
[2018-05-31 09:07:49.985] [sharedprocess] [info] Downloaded extension: material-icon-theme
[2018-05-31 09:07:51.411] [sharedprocess] [info] Extracted extension to /home/vagrant/.vscode/extensions/PKief.material-icon-theme-3.5.0: PKief.material-icon-theme-3.5.0
[2018-05-31 09:07:51.426] [sharedprocess] [info] Updated metadata of the extension: PKief.material-icon-theme-3.5.0
[2018-05-31 09:07:51.426] [sharedprocess] [info] Extensions installed successfully: PKief.material-icon-theme
[2018-05-31 09:07:51.720] [sharedprocess] [info] Scanned user extensions: 42
[2018-05-31 09:07:51.825] [sharedprocess] [info] Scanned system extensions: 65
[2018-05-31 09:07:51.901] [sharedprocess] [info] Scanned user extensions: 42
[2018-05-31 09:07:51.914] [sharedprocess] [info] Scanned system extensions: 65
[2018-05-31 09:12:48.969] [sharedprocess] [info] Scanned user extensions: 42
[2018-05-31 09:12:49.084] [sharedprocess] [info] Scanned user extensions: 42
[2018-05-31 09:17:49.047] [sharedprocess] [info] Scanned user extensions: 42
[2018-05-31 09:17:49.153] [sharedprocess] [info] Scanned user extensions: 42
[2018-05-31 09:22:49.105] [sharedprocess] [info] Scanned user extensions: 42
[2018-05-31 09:22:49.200] [sharedprocess] [info] Scanned user extensions: 42
[2018-05-31 09:27:49.175] [sharedprocess] [info] Scanned user extensions: 42
[2018-05-31 09:27:49.250] [sharedprocess] [info] Scanned user extensions: 42
[2018-05-31 09:32:49.263] [sharedprocess] [info] Scanned user extensions: 42
[2018-05-31 09:32:49.308] [sharedprocess] [info] Scanned user extensions: 42
[2018-05-31 09:37:49.355] [sharedprocess] [info] Scanned user extensions: 42
[2018-05-31 09:37:49.395] [sharedprocess] [info] Scanned user extensions: 42
[2018-05-31 09:42:49.425] [sharedprocess] [info] Scanned user extensions: 42
[2018-05-31 09:42:49.461] [sharedprocess] [info] Scanned user extensions: 42
[2018-05-31 09:47:49.498] [sharedprocess] [info] Scanned user extensions: 42
[2018-05-31 09:47:49.537] [sharedprocess] [info] Scanned user extensions: 42
[2018-05-31 09:52:49.578] [sharedprocess] [info] Scanned user extensions: 42
[2018-05-31 09:52:49.603] [sharedprocess] [info] Scanned user extensions: 42
[2018-05-31 09:57:49.704] [sharedprocess] [info] Scanned user extensions: 42
[2018-05-31 09:57:49.740] [sharedprocess] [info] Scanned user extensions: 42
[2018-05-31 10:02:49.801] [sharedprocess] [info] Scanned user extensions: 42
[2018-05-31 10:02:49.821] [sharedprocess] [info] Scanned user extensions: 42
[2018-05-31 10:07:50.079] [sharedprocess] [info] Scanned user extensions: 42
[2018-05-31 10:07:50.093] [sharedprocess] [info] Scanned user extensions: 42
[2018-05-31 10:12:50.181] [sharedprocess] [info] Scanned user extensions: 42
[2018-05-31 10:12:50.188] [sharedprocess] [info] Scanned user extensions: 42
[2018-05-31 10:17:50.287] [sharedprocess] [info] Scanned user extensions: 42
[2018-05-31 10:17:50.302] [sharedprocess] [info] Scanned user extensions: 42
[2018-05-31 10:22:50.367] [sharedprocess] [info] Scanned user extensions: 42
[2018-05-31 10:22:50.398] [sharedprocess] [info] Scanned user extensions: 42
