Initializing document watcher...
Rebuilding config map...
qat-learning/atest/classes/assignments/test_b4x_download.py: Using EditorConfig core...
Detected change in configuration: {}
qat-learning/atest/classes/assignments/test_b4x_download.py: {}
qat-learning/atest/__main__.py: Using EditorConfig core...
qat-learning/atest/__main__.py: {}
qat-learning/atest/constants.py: Using EditorConfig core...
qat-learning/atest/constants.py: {}
qat-learning/atest/__main__.py: Applying configuration map...
qat-learning/atest/__main__.py: {}
qat-learning/atest/__main__.py: Applying configuration map...
qat-learning/atest/__main__.py: {}
qat-learning/atest/__init__.py: Using EditorConfig core...
qat-learning/atest/__init__.py: {}
qat-learning/atest/__main__.py: Applying configuration map...
qat-learning/atest/__main__.py: {}
qat-learning/atest/__main__.py: Applying configuration map...
qat-learning/atest/__main__.py: {}
atest/__main__.py: setEndOfLine(LF)
atest/__main__.py: editor.action.trimTrailingWhitespace
atest/__main__.py: setEndOfLine(LF)
atest/__main__.py: editor.action.trimTrailingWhitespace
qat-learning/logs/log1527696217.13.log: Using EditorConfig core...
qat-learning/logs/log1527696217.13.log: {}
qat-learning/atest/__main__.py: Applying configuration map...
qat-learning/atest/__main__.py: {}
atest/__main__.py: setEndOfLine(LF)
atest/__main__.py: editor.action.trimTrailingWhitespace
atest/__main__.py: setEndOfLine(LF)
atest/__main__.py: editor.action.trimTrailingWhitespace
atest/__main__.py: setEndOfLine(LF)
atest/__main__.py: editor.action.trimTrailingWhitespace
qat-learning/v/lib/python2.7/site-packages/qat/utils/deprecated/controller.py: Using EditorConfig core...
qat-learning/v/lib/python2.7/site-packages/qat/utils/deprecated/controller.py: {}
v/lib/python2.7/site-packages/qat/utils/deprecated/controller.py: setEndOfLine(LF)
v/lib/python2.7/site-packages/qat/utils/deprecated/controller.py: editor.action.trimTrailingWhitespace
qat-learning/v/lib/python2.7/site-packages/pyscc/controller.py: Using EditorConfig core...
qat-learning/v/lib/python2.7/site-packages/pyscc/controller.py: {}
v/lib/python2.7/site-packages/pyscc/controller.py: setEndOfLine(LF)
v/lib/python2.7/site-packages/pyscc/controller.py: editor.action.trimTrailingWhitespace
qat-learning/atest/__main__.py: Applying configuration map...
qat-learning/atest/__main__.py: {}
atest/__main__.py: setEndOfLine(LF)
atest/__main__.py: editor.action.trimTrailingWhitespace
qat-learning/v/lib/python2.7/site-packages/qat/utils/deprecated/controller.py: Applying configuration map...
qat-learning/v/lib/python2.7/site-packages/qat/utils/deprecated/controller.py: {}
qat-learning/v/lib/python2.7/site-packages/pyscc/controller.py: Applying configuration map...
qat-learning/v/lib/python2.7/site-packages/pyscc/controller.py: {}
qat-learning/v/lib/python2.7/site-packages/qat/utils/deprecated/controller.py: Applying configuration map...
qat-learning/v/lib/python2.7/site-packages/qat/utils/deprecated/controller.py: {}
v/lib/python2.7/site-packages/qat/utils/deprecated/controller.py: setEndOfLine(LF)
v/lib/python2.7/site-packages/qat/utils/deprecated/controller.py: editor.action.trimTrailingWhitespace
qat-learning/v/local/lib/python2.7/site-packages/pyscc/controller.py: Using EditorConfig core...
qat-learning/v/local/lib/python2.7/site-packages/pyscc/controller.py: {}
/usr/lib/python2.7/logging/__init__.py: Using EditorConfig core...
/usr/lib/python2.7/logging/__init__.py: {}
qat-learning/v/lib/python2.7/site-packages/qat/utils/deprecated/controller.py: Applying configuration map...
qat-learning/v/lib/python2.7/site-packages/qat/utils/deprecated/controller.py: {}
qat-learning/v/lib/python2.7/site-packages/pyscc/controller.py: Applying configuration map...
qat-learning/v/lib/python2.7/site-packages/pyscc/controller.py: {}
/usr/lib/python2.7/logging/__init__.py: Applying configuration map...
/usr/lib/python2.7/logging/__init__.py: {}
qat-learning/v/lib/python2.7/site-packages/pyscc/controller.py: Applying configuration map...
qat-learning/v/lib/python2.7/site-packages/pyscc/controller.py: {}
v/lib/python2.7/site-packages/pyscc/controller.py: setEndOfLine(LF)
v/lib/python2.7/site-packages/pyscc/controller.py: editor.action.trimTrailingWhitespace
qat-learning/v/lib/python2.7/site-packages/qat/utils/deprecated/controller.py: Applying configuration map...
qat-learning/v/lib/python2.7/site-packages/qat/utils/deprecated/controller.py: {}
qat-learning/v/lib/python2.7/site-packages/pyscc/controller.py: Applying configuration map...
qat-learning/v/lib/python2.7/site-packages/pyscc/controller.py: {}
qat-learning/logs/log1527696634.99.log: Using EditorConfig core...
qat-learning/logs/log1527696634.99.log: {}
qat-learning/v/lib/python2.7/site-packages/pyscc/controller.py: Applying configuration map...
qat-learning/v/lib/python2.7/site-packages/pyscc/controller.py: {}
qat-learning/library/qat/mone/mone.py: Using EditorConfig core...
qat-learning/library/qat/mone/mone.py: {}
qat-learning/v/lib/python2.7/site-packages/pyscc/controller.py: Applying configuration map...
qat-learning/v/lib/python2.7/site-packages/pyscc/controller.py: {}
v/lib/python2.7/site-packages/pyscc/controller.py: setEndOfLine(LF)
v/lib/python2.7/site-packages/pyscc/controller.py: editor.action.trimTrailingWhitespace
qat-learning/v/lib/python2.7/site-packages/pyscc/service.py: Using EditorConfig core...
qat-learning/v/lib/python2.7/site-packages/pyscc/service.py: {}
qat-learning/v/lib/python2.7/site-packages/pyscc/controller.py: Applying configuration map...
qat-learning/v/lib/python2.7/site-packages/pyscc/controller.py: {}
v/lib/python2.7/site-packages/pyscc/controller.py: setEndOfLine(LF)
v/lib/python2.7/site-packages/pyscc/controller.py: editor.action.trimTrailingWhitespace
v/lib/python2.7/site-packages/pyscc/controller.py: setEndOfLine(LF)
v/lib/python2.7/site-packages/pyscc/controller.py: editor.action.trimTrailingWhitespace
v/lib/python2.7/site-packages/pyscc/controller.py: setEndOfLine(LF)
v/lib/python2.7/site-packages/pyscc/controller.py: editor.action.trimTrailingWhitespace
v/lib/python2.7/site-packages/pyscc/controller.py: setEndOfLine(LF)
v/lib/python2.7/site-packages/pyscc/controller.py: editor.action.trimTrailingWhitespace
qat-learning/atest/__main__.py: Applying configuration map...
qat-learning/atest/__main__.py: {}
qat-learning/v/lib/python2.7/site-packages/qat/utils/deprecated/controller.py: Applying configuration map...
qat-learning/v/lib/python2.7/site-packages/qat/utils/deprecated/controller.py: {}
v/lib/python2.7/site-packages/qat/utils/deprecated/controller.py: setEndOfLine(LF)
v/lib/python2.7/site-packages/qat/utils/deprecated/controller.py: editor.action.trimTrailingWhitespace
qat-learning/v/lib/python2.7/site-packages/pyscc/controller.py: Applying configuration map...
qat-learning/v/lib/python2.7/site-packages/pyscc/controller.py: {}
v/lib/python2.7/site-packages/pyscc/controller.py: setEndOfLine(LF)
v/lib/python2.7/site-packages/pyscc/controller.py: editor.action.trimTrailingWhitespace
v/lib/python2.7/site-packages/pyscc/controller.py: insertFinalNewline(LF)
v/lib/python2.7/site-packages/pyscc/controller.py: setEndOfLine(LF)
v/lib/python2.7/site-packages/pyscc/controller.py: editor.action.trimTrailingWhitespace
v/lib/python2.7/site-packages/pyscc/controller.py: setEndOfLine(LF)
v/lib/python2.7/site-packages/pyscc/controller.py: editor.action.trimTrailingWhitespace
qat-learning/logs/log-1527698200.87.log: Using EditorConfig core...
qat-learning/logs/log-1527698200.87.log: {}
qat-learning/v/lib/python2.7/site-packages/pyscc/controller.py: Applying configuration map...
qat-learning/v/lib/python2.7/site-packages/pyscc/controller.py: {}
v/lib/python2.7/site-packages/pyscc/controller.py: setEndOfLine(LF)
v/lib/python2.7/site-packages/pyscc/controller.py: editor.action.trimTrailingWhitespace
qat-learning/logs/log-1527698326.02.log: Using EditorConfig core...
qat-learning/logs/log-1527698326.02.log: {}
qat-learning/logs/log-selenium-1527698326.02.log: Using EditorConfig core...
qat-learning/logs/log-selenium-1527698326.02.log: {}
qat-learning/logs/log-1527698326.02.log: Applying configuration map...
qat-learning/logs/log-1527698326.02.log: {}
qat-learning/v/lib/python2.7/site-packages/pyscc/controller.py: Applying configuration map...
qat-learning/v/lib/python2.7/site-packages/pyscc/controller.py: {}
v/lib/python2.7/site-packages/pyscc/controller.py: setEndOfLine(LF)
v/lib/python2.7/site-packages/pyscc/controller.py: editor.action.trimTrailingWhitespace
v/lib/python2.7/site-packages/pyscc/controller.py: setEndOfLine(LF)
v/lib/python2.7/site-packages/pyscc/controller.py: editor.action.trimTrailingWhitespace
v/lib/python2.7/site-packages/pyscc/controller.py: setEndOfLine(LF)
v/lib/python2.7/site-packages/pyscc/controller.py: editor.action.trimTrailingWhitespace
qat-learning/logs/1527698555.25_controller.log: Using EditorConfig core...
qat-learning/logs/1527698555.25_controller.log: {}
qat-learning/logs/1527698555.25_selenium.log: Using EditorConfig core...
qat-learning/logs/1527698555.25_selenium.log: {}
qat-learning/logs/1527698555.25.log: Using EditorConfig core...
qat-learning/logs/1527698555.25.log: {}
qat-learning/logs/1527698555.25_selenium.log: Applying configuration map...
qat-learning/logs/1527698555.25_selenium.log: {}
qat-learning/logs/1527698555.25_controller.log: Applying configuration map...
qat-learning/logs/1527698555.25_controller.log: {}
qat-learning/v/lib/python2.7/site-packages/pyscc/controller.py: Applying configuration map...
qat-learning/v/lib/python2.7/site-packages/pyscc/controller.py: {}
v/lib/python2.7/site-packages/pyscc/controller.py: setEndOfLine(LF)
v/lib/python2.7/site-packages/pyscc/controller.py: editor.action.trimTrailingWhitespace
v/lib/python2.7/site-packages/pyscc/controller.py: setEndOfLine(LF)
v/lib/python2.7/site-packages/pyscc/controller.py: editor.action.trimTrailingWhitespace
qat-learning/logs/1527698555.25_controller.log: Applying configuration map...
qat-learning/logs/1527698555.25_controller.log: {}
qat-learning/v/lib/python2.7/site-packages/pyscc/controller.py: Applying configuration map...
qat-learning/v/lib/python2.7/site-packages/pyscc/controller.py: {}
v/lib/python2.7/site-packages/pyscc/controller.py: setEndOfLine(LF)
v/lib/python2.7/site-packages/pyscc/controller.py: editor.action.trimTrailingWhitespace
v/lib/python2.7/site-packages/pyscc/controller.py: setEndOfLine(LF)
v/lib/python2.7/site-packages/pyscc/controller.py: editor.action.trimTrailingWhitespace
qat-learning/logs/1527699203.02_selenium.log: Using EditorConfig core...
qat-learning/logs/1527699203.02_selenium.log: {}
qat-learning/logs/1527699203.02_controller.log: Using EditorConfig core...
qat-learning/logs/1527699203.02_controller.log: {}
qat-learning/logs/1527699203.02.log: Using EditorConfig core...
qat-learning/logs/1527699203.02.log: {}
qat-learning/logs/1527699203.02_selenium.log: Applying configuration map...
qat-learning/logs/1527699203.02_selenium.log: {}
qat-learning/v/lib/python2.7/site-packages/pyscc/controller.py: Applying configuration map...
qat-learning/v/lib/python2.7/site-packages/pyscc/controller.py: {}
qat-learning/logs/1527699295.21_controller.log: Using EditorConfig core...
qat-learning/logs/1527699295.21_controller.log: {}
qat-learning/logs/1527699295.21.log: Using EditorConfig core...
qat-learning/logs/1527699295.21.log: {}
qat-learning/logs/1527699295.21_selenium.log: Using EditorConfig core...
qat-learning/logs/1527699295.21_selenium.log: {}
qat-learning/logs/1527699266.93_selenium.log: Using EditorConfig core...
qat-learning/logs/1527699266.93_selenium.log: {}
qat-learning/logs/1527699266.93_controller.log: Using EditorConfig core...
qat-learning/logs/1527699266.93_controller.log: {}
qat-learning/logs/1527699266.93.log: Using EditorConfig core...
qat-learning/logs/1527699266.93.log: {}
qat-learning/logs/1527699266.93_controller.log: Applying configuration map...
qat-learning/logs/1527699266.93_controller.log: {}
qat-learning/logs/1527699266.93_selenium.log: Applying configuration map...
qat-learning/logs/1527699266.93_selenium.log: {}
qat-learning/logs/1527699295.21_selenium.log: Applying configuration map...
qat-learning/logs/1527699295.21_selenium.log: {}
qat-learning/logs/1527699295.21.log: Applying configuration map...
qat-learning/logs/1527699295.21.log: {}
qat-learning/logs/1527699295.21_controller.log: Applying configuration map...
qat-learning/logs/1527699295.21_controller.log: {}
qat-learning/v/lib/python2.7/site-packages/pyscc/controller.py: Applying configuration map...
qat-learning/v/lib/python2.7/site-packages/pyscc/controller.py: {}
qat-learning/logs/1527699266.93_selenium.log: Applying configuration map...
qat-learning/logs/1527699266.93_selenium.log: {}
qat-learning/v/lib/python2.7/site-packages/pyscc/controller.py: Applying configuration map...
qat-learning/v/lib/python2.7/site-packages/pyscc/controller.py: {}
v/lib/python2.7/site-packages/pyscc/controller.py: setEndOfLine(LF)
v/lib/python2.7/site-packages/pyscc/controller.py: editor.action.trimTrailingWhitespace
v/lib/python2.7/site-packages/pyscc/controller.py: setEndOfLine(LF)
v/lib/python2.7/site-packages/pyscc/controller.py: editor.action.trimTrailingWhitespace
qat-learning/logs/1527699596.41_controller.log: Using EditorConfig core...
qat-learning/logs/1527699596.41_controller.log: {}
qat-learning/logs/1527699596.41_selenium.log: Using EditorConfig core...
qat-learning/logs/1527699596.41_selenium.log: {}
qat-learning/logs/1527699596.41.log: Using EditorConfig core...
qat-learning/logs/1527699596.41.log: {}
qat-learning/logs/1527699596.41_selenium.log: Applying configuration map...
qat-learning/logs/1527699596.41_selenium.log: {}
qat-learning/logs/1527699596.41_controller.log: Applying configuration map...
qat-learning/logs/1527699596.41_controller.log: {}
qat-learning/v/lib/python2.7/site-packages/pyscc/controller.py: Applying configuration map...
qat-learning/v/lib/python2.7/site-packages/pyscc/controller.py: {}
v/lib/python2.7/site-packages/pyscc/controller.py: setEndOfLine(LF)
v/lib/python2.7/site-packages/pyscc/controller.py: editor.action.trimTrailingWhitespace
qat-learning/v/lib/python2.7/site-packages/qat/utils/deprecated/controller.py: Applying configuration map...
qat-learning/v/lib/python2.7/site-packages/qat/utils/deprecated/controller.py: {}
qat-learning/v/lib/python2.7/site-packages/pyscc/controller.py: Applying configuration map...
qat-learning/v/lib/python2.7/site-packages/pyscc/controller.py: {}
v/lib/python2.7/site-packages/pyscc/controller.py: setEndOfLine(LF)
v/lib/python2.7/site-packages/pyscc/controller.py: editor.action.trimTrailingWhitespace
v/lib/python2.7/site-packages/pyscc/controller.py: setEndOfLine(LF)
v/lib/python2.7/site-packages/pyscc/controller.py: editor.action.trimTrailingWhitespace
v/lib/python2.7/site-packages/pyscc/controller.py: setEndOfLine(LF)
v/lib/python2.7/site-packages/pyscc/controller.py: editor.action.trimTrailingWhitespace
v/lib/python2.7/site-packages/pyscc/controller.py: setEndOfLine(LF)
v/lib/python2.7/site-packages/pyscc/controller.py: editor.action.trimTrailingWhitespace
