Looking for git in: git
Using git 2.7.4 from git
git rev-parse --show-toplevel
git config --get commit.template
git status -z -u
git symbolic-ref --short HEAD
git rev-parse edge
git rev-parse --symbolic-full-name --abbrev-ref edge@{u}
git rev-list --left-right edge...origin/edge
git for-each-ref --format %(refname) %(objectname) --sort -committerdate
git remote --verbose
git show :atest/classes/assignments/test_b4x_download.py
git check-ignore -z --stdin
git show :atest/__main__.py
git show :atest/constants.py
git check-ignore -z --stdin
git show :atest/__main__.py
git show :atest/__main__.py
git show :atest/__init__.py
git show :atest/__main__.py
git show :atest/__main__.py
git check-ignore -z --stdin
git check-ignore -z --stdin
git check-ignore -z --stdin
git show :logs/log1527696217.13.log
git show :atest/__main__.py
git check-ignore -z --stdin
git check-ignore -z --stdin
git check-ignore -z --stdin
git check-ignore -z --stdin
git check-ignore -z --stdin
git check-ignore -z --stdin
git check-ignore -z --stdin
git check-ignore -z --stdin
git check-ignore -z --stdin
git show :v/lib/python2.7/site-packages/qat/utils/deprecated/controller.py
git check-ignore -z --stdin
git show :v/lib/python2.7/site-packages/pyscc/controller.py
git show :atest/__main__.py
git show :v/lib/python2.7/site-packages/qat/utils/deprecated/controller.py
git show :v/lib/python2.7/site-packages/pyscc/controller.py
git show :v/lib/python2.7/site-packages/qat/utils/deprecated/controller.py
git show :v/local/lib/python2.7/site-packages/pyscc/controller.py
git check-ignore -z --stdin
git check-ignore -z --stdin
git rev-parse --show-toplevel
fatal: Not a git repository (or any of the parent directories): .git

git show :v/lib/python2.7/site-packages/qat/utils/deprecated/controller.py
git show :v/lib/python2.7/site-packages/pyscc/controller.py
git rev-parse --show-toplevel
fatal: Not a git repository (or any of the parent directories): .git

git show :v/lib/python2.7/site-packages/pyscc/controller.py
git show :v/lib/python2.7/site-packages/qat/utils/deprecated/controller.py
git show :v/lib/python2.7/site-packages/pyscc/controller.py
git check-ignore -z --stdin
git show :logs/log1527696634.99.log
git show :v/lib/python2.7/site-packages/pyscc/controller.py
git show :library/qat/mone/mone.py
git check-ignore -z --stdin
git show :v/lib/python2.7/site-packages/pyscc/controller.py
git show :v/lib/python2.7/site-packages/pyscc/service.py
git show :v/lib/python2.7/site-packages/pyscc/controller.py
git check-ignore -z --stdin
git show :atest/__main__.py
git check-ignore -z --stdin
git check-ignore -z --stdin
git check-ignore -z --stdin
git show :v/lib/python2.7/site-packages/qat/utils/deprecated/controller.py
git show :v/lib/python2.7/site-packages/pyscc/controller.py
git check-ignore -z --stdin
git check-ignore -z --stdin
git show :logs/log-1527698200.87.log
git show :v/lib/python2.7/site-packages/pyscc/controller.py
git check-ignore -z --stdin
git show :logs/log-1527698326.02.log
git show :logs/log-selenium-1527698326.02.log
git show :logs/log-1527698326.02.log
git show :v/lib/python2.7/site-packages/pyscc/controller.py
git check-ignore -z --stdin
git check-ignore -z --stdin
git check-ignore -z --stdin
git show :logs/1527698555.25_controller.log
git show :logs/1527698555.25_selenium.log
git show :logs/1527698555.25.log
git show :logs/1527698555.25_selenium.log
git show :logs/1527698555.25_controller.log
git show :v/lib/python2.7/site-packages/pyscc/controller.py
git check-ignore -z --stdin
git show :logs/1527698555.25_controller.log
git show :v/lib/python2.7/site-packages/pyscc/controller.py
git check-ignore -z --stdin
git show :logs/1527699203.02_selenium.log
git show :logs/1527699203.02_controller.log
git show :logs/1527699203.02.log
git show :logs/1527699203.02_selenium.log
git show :v/lib/python2.7/site-packages/pyscc/controller.py
git check-ignore -z --stdin
git show :logs/1527699295.21_controller.log
git show :logs/1527699295.21.log
git show :logs/1527699295.21_selenium.log
git show :logs/1527699266.93_selenium.log
git show :logs/1527699266.93_controller.log
git show :logs/1527699266.93.log
git show :logs/1527699266.93_controller.log
git show :logs/1527699266.93_selenium.log
git show :logs/1527699295.21.log
git show :logs/1527699295.21_controller.log
git show :v/lib/python2.7/site-packages/pyscc/controller.py
git show :v/lib/python2.7/site-packages/pyscc/controller.py
git check-ignore -z --stdin
git show :logs/1527699596.41_controller.log
git show :logs/1527699596.41_selenium.log
git show :logs/1527699596.41.log
git show :logs/1527699596.41_selenium.log
git show :logs/1527699596.41_controller.log
git show :v/lib/python2.7/site-packages/pyscc/controller.py
git show :v/lib/python2.7/site-packages/qat/utils/deprecated/controller.py
git show :v/lib/python2.7/site-packages/pyscc/controller.py
