[2018-05-30 14:08:29.796] [exthost15] [info] extension host started
[2018-05-30 14:08:29.864] [exthost15] [info] ExtensionService#_doActivateExtension vscode.emmet {"startup":true,"activationEvent":"*"}
[2018-05-30 14:08:29.864] [exthost15] [info] ExtensionService#loadCommonJSModule /usr/share/code/resources/app/extensions/emmet/out/extension
[2018-05-30 14:08:29.967] [exthost15] [info] ExtensionService#_doActivateExtension vscode.git {"startup":true,"activationEvent":"*"}
[2018-05-30 14:08:29.967] [exthost15] [info] ExtensionService#loadCommonJSModule /usr/share/code/resources/app/extensions/git/out/main
[2018-05-30 14:08:30.056] [exthost15] [info] ExtensionService#_doActivateExtension vscode.merge-conflict {"startup":true,"activationEvent":"*"}
[2018-05-30 14:08:30.056] [exthost15] [info] ExtensionService#loadCommonJSModule /usr/share/code/resources/app/extensions/merge-conflict/out/extension
[2018-05-30 14:08:30.083] [exthost15] [info] ExtensionService#_doActivateExtension EditorConfig.EditorConfig {"startup":true,"activationEvent":"*"}
[2018-05-30 14:08:30.083] [exthost15] [info] ExtensionService#loadCommonJSModule /home/vagrant/.vscode/extensions/EditorConfig.editorconfig-0.12.3/out/src/editorConfigMain
[2018-05-30 14:08:30.111] [exthost15] [info] ExtensionService#_doActivateExtension Equinusocio.vsc-material-theme {"startup":true,"activationEvent":"*"}
[2018-05-30 14:08:30.111] [exthost15] [info] ExtensionService#loadCommonJSModule /home/vagrant/.vscode/extensions/Equinusocio.vsc-material-theme-2.1.0/extensions/material.theme.config.js
[2018-05-30 14:08:30.122] [exthost15] [info] ExtensionService#_doActivateExtension PKief.material-icon-theme {"startup":true,"activationEvent":"*"}
[2018-05-30 14:08:30.122] [exthost15] [info] ExtensionService#loadCommonJSModule /home/vagrant/.vscode/extensions/PKief.material-icon-theme-3.4.0/out/src/extension
[2018-05-30 14:08:30.167] [exthost15] [info] ExtensionService#_doActivateExtension christian-kohler.path-intellisense {"startup":true,"activationEvent":"*"}
[2018-05-30 14:08:30.167] [exthost15] [info] ExtensionService#loadCommonJSModule /home/vagrant/.vscode/extensions/christian-kohler.path-intellisense-1.4.2/out/src/extension
[2018-05-30 14:08:30.179] [exthost15] [info] ExtensionService#_doActivateExtension dbaeumer.vscode-eslint {"startup":true,"activationEvent":"*"}
[2018-05-30 14:08:30.179] [exthost15] [info] ExtensionService#loadCommonJSModule /home/vagrant/.vscode/extensions/dbaeumer.vscode-eslint-1.4.10/client/out/extension
[2018-05-30 14:08:30.234] [exthost15] [info] ExtensionService#_doActivateExtension eamodio.gitlens {"startup":true,"activationEvent":"*"}
[2018-05-30 14:08:30.234] [exthost15] [info] ExtensionService#loadCommonJSModule /home/vagrant/.vscode/extensions/eamodio.gitlens-8.1.1/out/extension
[2018-05-30 14:08:30.576] [exthost15] [info] ExtensionService#_doActivateExtension esbenp.prettier-vscode {"startup":true,"activationEvent":"*"}
[2018-05-30 14:08:30.576] [exthost15] [info] ExtensionService#loadCommonJSModule /home/vagrant/.vscode/extensions/esbenp.prettier-vscode-1.3.1/out/src/extension
[2018-05-30 14:08:30.908] [exthost15] [info] ExtensionService#_doActivateExtension formulahendry.terminal {"startup":true,"activationEvent":"*"}
[2018-05-30 14:08:30.908] [exthost15] [info] ExtensionService#loadCommonJSModule /home/vagrant/.vscode/extensions/formulahendry.terminal-0.0.10/out/src/extension
[2018-05-30 14:08:30.950] [exthost15] [info] ExtensionService#_doActivateExtension hoovercj.vscode-power-mode {"startup":true,"activationEvent":"*"}
[2018-05-30 14:08:30.950] [exthost15] [info] ExtensionService#loadCommonJSModule /home/vagrant/.vscode/extensions/hoovercj.vscode-power-mode-2.2.0/out/src/extension
[2018-05-30 14:08:30.979] [exthost15] [info] ExtensionService#_doActivateExtension wayou.vscode-todo-highlight {"startup":true,"activationEvent":"*"}
[2018-05-30 14:08:30.979] [exthost15] [info] ExtensionService#loadCommonJSModule /home/vagrant/.vscode/extensions/wayou.vscode-todo-highlight-0.5.12/src/extension
[2018-05-30 14:08:30.982] [exthost15] [info] eager extensions activated
