[2018-05-30 11:57:10.051] [renderer12] [error] Error watching /home/vagrant/.config/Code/logs/20180530T115706/output_12_20180530T115710:  (Error: watch /home/vagrant/.config/Code/logs/20180530T115706/output_12_20180530T115710 ENOSPC)
[2018-05-30 11:57:10.052] [renderer12] [error] Error watching /home/vagrant/.config/Code/logs/20180530T115706/output_12_20180530T115710:  (Error: watch /home/vagrant/.config/Code/logs/20180530T115706/output_12_20180530T115710 ENOSPC)
[2018-05-30 11:57:10.351] [renderer12] [error] Failed to watch /home/vagrant/.config/Code/User for configuration changes (Error: watch /home/vagrant/.config/Code/User ENOSPC)
[2018-05-30 11:57:11.376] [renderer12] [error] Failed to load user snippets {"code":"ENOSPC","errno":"ENOSPC","syscall":"watch /home/vagrant/.config/Code/User/snippets","filename":"/home/vagrant/.config/Code/User/snippets"}
[2018-05-30 11:57:14.516] [renderer12] [error] Error watching /home/vagrant/.config/Code/logs/20180530T115706/output_12_20180530T115710:  (Error: watch /home/vagrant/.config/Code/logs/20180530T115706/output_12_20180530T115710 ENOSPC)
[2018-05-30 11:57:14.522] [renderer12] [error] Error watching /home/vagrant/.config/Code/logs/20180530T115706/output_12_20180530T115710:  (Error: watch /home/vagrant/.config/Code/logs/20180530T115706/output_12_20180530T115710 ENOSPC)
[2018-05-30 11:57:14.524] [renderer12] [error] Error watching /home/vagrant/.config/Code/logs/20180530T115706/output_12_20180530T115710:  (Error: watch /home/vagrant/.config/Code/logs/20180530T115706/output_12_20180530T115710 ENOSPC)
[2018-05-30 11:57:15.295] [renderer12] [error] Unable to write to User Settings because materialTheme.cache.workbench is not a registered configuration.: Error: Unable to write to User Settings because materialTheme.cache.workbench is not a registered configuration.
    at new t (file:///usr/share/code/resources/app/out/vs/workbench/workbench.main.js:3753:9)
    at e.wrapError (file:///usr/share/code/resources/app/out/vs/workbench/workbench.main.js:3756:976)
    at e.resolveAndValidate (file:///usr/share/code/resources/app/out/vs/workbench/workbench.main.js:3759:742)
    at e.doWriteConfiguration (file:///usr/share/code/resources/app/out/vs/workbench/workbench.main.js:3753:862)
    at Object.factory (file:///usr/share/code/resources/app/out/vs/workbench/workbench.main.js:3753:595)
    at t.e.consume (file:///usr/share/code/resources/app/out/vs/workbench/workbench.main.js:183:630)
    at e.queue (file:///usr/share/code/resources/app/out/vs/workbench/workbench.main.js:183:417)
    at new n.Class.derive._oncancel (file:///usr/share/code/resources/app/out/vs/workbench/workbench.main.js:147:657)
    at t.e.queue (file:///usr/share/code/resources/app/out/vs/workbench/workbench.main.js:183:332)
    at e.writeConfiguration (file:///usr/share/code/resources/app/out/vs/workbench/workbench.main.js:3753:569)
[2018-05-30 11:57:16.071] [renderer12] [error] Error watching /home/vagrant/.config/Code/logs/20180530T115706/output_12_20180530T115710:  (Error: watch /home/vagrant/.config/Code/logs/20180530T115706/output_12_20180530T115710 ENOSPC)
[2018-05-30 12:10:49.175] [renderer12] [error] SplitLinesCollection: attempt to access a 'newer' model: Error: SplitLinesCollection: attempt to access a 'newer' model
    at e._ensureValidState (file:///usr/share/code/resources/app/out/vs/workbench/workbench.main.js:1097:726)
    at e.convertModelPositionToViewPosition (file:///usr/share/code/resources/app/out/vs/workbench/workbench.main.js:1106:246)
    at e.convertModelPositionToViewPosition (file:///usr/share/code/resources/app/out/vs/workbench/workbench.main.js:1096:706)
    at e._setPosition (file:///usr/share/code/resources/app/out/vs/workbench/workbench.main.js:704:656)
    at e.setPosition (file:///usr/share/code/resources/app/out/vs/workbench/workbench.main.js:704:911)
    at t.setWidgetPosition (file:///usr/share/code/resources/app/out/vs/workbench/workbench.main.js:701:1004)
    at t.layoutContentWidget (file:///usr/share/code/resources/app/out/vs/workbench/workbench.main.js:1784:103)
    at t.layoutContentWidget (file:///usr/share/code/resources/app/out/vs/workbench/workbench.main.js:1787:996)
    at e.update (file:///usr/share/code/resources/app/out/vs/workbench/workbench.main.js:1867:611)
    at file:///usr/share/code/resources/app/out/vs/workbench/workbench.main.js:1870:634
[2018-05-30 12:15:24.987] [renderer12] [error] SplitLinesCollection: attempt to access a 'newer' model: Error: SplitLinesCollection: attempt to access a 'newer' model
    at e._ensureValidState (file:///usr/share/code/resources/app/out/vs/workbench/workbench.main.js:1097:726)
    at e.convertModelPositionToViewPosition (file:///usr/share/code/resources/app/out/vs/workbench/workbench.main.js:1106:246)
    at e.convertModelPositionToViewPosition (file:///usr/share/code/resources/app/out/vs/workbench/workbench.main.js:1096:706)
    at e._setPosition (file:///usr/share/code/resources/app/out/vs/workbench/workbench.main.js:704:656)
    at e.setPosition (file:///usr/share/code/resources/app/out/vs/workbench/workbench.main.js:704:911)
    at t.setWidgetPosition (file:///usr/share/code/resources/app/out/vs/workbench/workbench.main.js:701:1004)
    at t.layoutContentWidget (file:///usr/share/code/resources/app/out/vs/workbench/workbench.main.js:1784:103)
    at t.layoutContentWidget (file:///usr/share/code/resources/app/out/vs/workbench/workbench.main.js:1787:996)
    at e.update (file:///usr/share/code/resources/app/out/vs/workbench/workbench.main.js:1867:611)
    at file:///usr/share/code/resources/app/out/vs/workbench/workbench.main.js:1870:634
[2018-05-30 12:15:26.094] [renderer12] [error] SplitLinesCollection: attempt to access a 'newer' model: Error: SplitLinesCollection: attempt to access a 'newer' model
    at e._ensureValidState (file:///usr/share/code/resources/app/out/vs/workbench/workbench.main.js:1097:726)
    at e.convertModelPositionToViewPosition (file:///usr/share/code/resources/app/out/vs/workbench/workbench.main.js:1106:246)
    at e.convertModelPositionToViewPosition (file:///usr/share/code/resources/app/out/vs/workbench/workbench.main.js:1096:706)
    at e._setPosition (file:///usr/share/code/resources/app/out/vs/workbench/workbench.main.js:704:656)
    at e.setPosition (file:///usr/share/code/resources/app/out/vs/workbench/workbench.main.js:704:911)
    at t.setWidgetPosition (file:///usr/share/code/resources/app/out/vs/workbench/workbench.main.js:701:1004)
    at t.layoutContentWidget (file:///usr/share/code/resources/app/out/vs/workbench/workbench.main.js:1784:103)
    at t.layoutContentWidget (file:///usr/share/code/resources/app/out/vs/workbench/workbench.main.js:1787:996)
    at e.update (file:///usr/share/code/resources/app/out/vs/workbench/workbench.main.js:1867:611)
    at file:///usr/share/code/resources/app/out/vs/workbench/workbench.main.js:1870:634
[2018-05-30 12:15:27.112] [renderer12] [error] SplitLinesCollection: attempt to access a 'newer' model: Error: SplitLinesCollection: attempt to access a 'newer' model
    at e._ensureValidState (file:///usr/share/code/resources/app/out/vs/workbench/workbench.main.js:1097:726)
    at e.convertModelPositionToViewPosition (file:///usr/share/code/resources/app/out/vs/workbench/workbench.main.js:1106:246)
    at e.convertModelPositionToViewPosition (file:///usr/share/code/resources/app/out/vs/workbench/workbench.main.js:1096:706)
    at e._setPosition (file:///usr/share/code/resources/app/out/vs/workbench/workbench.main.js:704:656)
    at e.setPosition (file:///usr/share/code/resources/app/out/vs/workbench/workbench.main.js:704:911)
    at t.setWidgetPosition (file:///usr/share/code/resources/app/out/vs/workbench/workbench.main.js:701:1004)
    at t.layoutContentWidget (file:///usr/share/code/resources/app/out/vs/workbench/workbench.main.js:1784:103)
    at t.layoutContentWidget (file:///usr/share/code/resources/app/out/vs/workbench/workbench.main.js:1787:996)
    at e.update (file:///usr/share/code/resources/app/out/vs/workbench/workbench.main.js:1867:611)
    at file:///usr/share/code/resources/app/out/vs/workbench/workbench.main.js:1870:634
