[2018-05-30 14:10:56.220] [exthost16] [info] extension host started
[2018-05-30 14:10:56.267] [exthost16] [info] ExtensionService#_doActivateExtension vscode.emmet {"startup":true,"activationEvent":"*"}
[2018-05-30 14:10:56.267] [exthost16] [info] ExtensionService#loadCommonJSModule /usr/share/code/resources/app/extensions/emmet/out/extension
[2018-05-30 14:10:56.363] [exthost16] [info] ExtensionService#_doActivateExtension vscode.git {"startup":true,"activationEvent":"*"}
[2018-05-30 14:10:56.363] [exthost16] [info] ExtensionService#loadCommonJSModule /usr/share/code/resources/app/extensions/git/out/main
[2018-05-30 14:10:56.454] [exthost16] [info] ExtensionService#_doActivateExtension vscode.merge-conflict {"startup":true,"activationEvent":"*"}
[2018-05-30 14:10:56.454] [exthost16] [info] ExtensionService#loadCommonJSModule /usr/share/code/resources/app/extensions/merge-conflict/out/extension
[2018-05-30 14:10:56.471] [exthost16] [info] ExtensionService#_doActivateExtension EditorConfig.EditorConfig {"startup":true,"activationEvent":"*"}
[2018-05-30 14:10:56.471] [exthost16] [info] ExtensionService#loadCommonJSModule /home/vagrant/.vscode/extensions/EditorConfig.editorconfig-0.12.3/out/src/editorConfigMain
[2018-05-30 14:10:56.506] [exthost16] [info] ExtensionService#_doActivateExtension Equinusocio.vsc-material-theme {"startup":true,"activationEvent":"*"}
[2018-05-30 14:10:56.506] [exthost16] [info] ExtensionService#loadCommonJSModule /home/vagrant/.vscode/extensions/Equinusocio.vsc-material-theme-2.1.0/extensions/material.theme.config.js
[2018-05-30 14:10:56.517] [exthost16] [info] ExtensionService#_doActivateExtension PKief.material-icon-theme {"startup":true,"activationEvent":"*"}
[2018-05-30 14:10:56.517] [exthost16] [info] ExtensionService#loadCommonJSModule /home/vagrant/.vscode/extensions/PKief.material-icon-theme-3.4.0/out/src/extension
[2018-05-30 14:10:56.564] [exthost16] [info] ExtensionService#_doActivateExtension christian-kohler.path-intellisense {"startup":true,"activationEvent":"*"}
[2018-05-30 14:10:56.564] [exthost16] [info] ExtensionService#loadCommonJSModule /home/vagrant/.vscode/extensions/christian-kohler.path-intellisense-1.4.2/out/src/extension
[2018-05-30 14:10:56.587] [exthost16] [info] ExtensionService#_doActivateExtension dbaeumer.vscode-eslint {"startup":true,"activationEvent":"*"}
[2018-05-30 14:10:56.587] [exthost16] [info] ExtensionService#loadCommonJSModule /home/vagrant/.vscode/extensions/dbaeumer.vscode-eslint-1.4.10/client/out/extension
[2018-05-30 14:10:56.666] [exthost16] [info] ExtensionService#_doActivateExtension eamodio.gitlens {"startup":true,"activationEvent":"*"}
[2018-05-30 14:10:56.666] [exthost16] [info] ExtensionService#loadCommonJSModule /home/vagrant/.vscode/extensions/eamodio.gitlens-8.1.1/out/extension
[2018-05-30 14:10:57.011] [exthost16] [info] ExtensionService#_doActivateExtension esbenp.prettier-vscode {"startup":true,"activationEvent":"*"}
[2018-05-30 14:10:57.011] [exthost16] [info] ExtensionService#loadCommonJSModule /home/vagrant/.vscode/extensions/esbenp.prettier-vscode-1.3.1/out/src/extension
[2018-05-30 14:10:57.370] [exthost16] [info] ExtensionService#_doActivateExtension formulahendry.terminal {"startup":true,"activationEvent":"*"}
[2018-05-30 14:10:57.370] [exthost16] [info] ExtensionService#loadCommonJSModule /home/vagrant/.vscode/extensions/formulahendry.terminal-0.0.10/out/src/extension
[2018-05-30 14:10:57.421] [exthost16] [info] ExtensionService#_doActivateExtension hoovercj.vscode-power-mode {"startup":true,"activationEvent":"*"}
[2018-05-30 14:10:57.421] [exthost16] [info] ExtensionService#loadCommonJSModule /home/vagrant/.vscode/extensions/hoovercj.vscode-power-mode-2.2.0/out/src/extension
[2018-05-30 14:10:57.438] [exthost16] [info] ExtensionService#_doActivateExtension wayou.vscode-todo-highlight {"startup":true,"activationEvent":"*"}
[2018-05-30 14:10:57.438] [exthost16] [info] ExtensionService#loadCommonJSModule /home/vagrant/.vscode/extensions/wayou.vscode-todo-highlight-0.5.12/src/extension
[2018-05-30 14:10:57.440] [exthost16] [info] eager extensions activated
[2018-05-30 14:10:57.464] [exthost16] [info] ExtensionService#_doActivateExtension vscode.python {"startup":false,"activationEvent":"onLanguage:python"}
[2018-05-30 14:10:57.464] [exthost16] [info] ExtensionService#loadCommonJSModule /usr/share/code/resources/app/extensions/python/out/pythonMain
[2018-05-30 14:10:57.469] [exthost16] [info] ExtensionService#_doActivateExtension ms-python.python {"startup":false,"activationEvent":"onLanguage:python"}
[2018-05-30 14:10:57.469] [exthost16] [info] ExtensionService#loadCommonJSModule /home/vagrant/.vscode/extensions/ms-python.python-2018.4.0/out/client/extension
