Initializing document watcher...
Rebuilding config map...
tlouserprofile/tests/test_certificate_collection.py: Using EditorConfig core...
Detected change in configuration: {}
tlouserprofile/tests/test_certificate_collection.py: {}
tlouserprofile/tlouserprofile/utils.py: Using EditorConfig core...
tlouserprofile/tlouserprofile/utils.py: {}
tlouserprofile/tlouserprofile/application.py: Using EditorConfig core...
tlouserprofile/tlouserprofile/application.py: {}
tlouserprofile/tlouserprofile/utils.py: Applying configuration map...
tlouserprofile/tlouserprofile/utils.py: {}
tlouserprofile/tests/test_certificate_collection.py: Applying configuration map...
tlouserprofile/tests/test_certificate_collection.py: {}
tlouserprofile/tlouserprofile/application.py: Applying configuration map...
tlouserprofile/tlouserprofile/application.py: {}
tlouserprofile/tests/test_certificate_collection.py: Applying configuration map...
tlouserprofile/tests/test_certificate_collection.py: {}
tlouserprofile/tlouserprofile/application.py: Applying configuration map...
tlouserprofile/tlouserprofile/application.py: {}
tlouserprofile/tlouserprofile/utils.py: Applying configuration map...
tlouserprofile/tlouserprofile/utils.py: {}
